<?xml version="1.0" encoding="UTF-8"?>
<testng-results skipped="0" failed="0" total="1" passed="1">
  <reporter-output>
    <line>
      <![CDATA[no of rows: 12no of cells4]]>
    </line>
    <line>
      <![CDATA[Login successfuldashboard    http://orangehrm.qedgetech.com/symfony/web/index.php/dashboard]]>
    </line>
    <line>
      <![CDATA[Invalid credentials  dashboard   http://orangehrm.qedgetech.com/symfony/web/index.php/auth/validateCredentials]]>
    </line>
    <line>
      <![CDATA[Invalid credentials  dashboard   http://orangehrm.qedgetech.com/symfony/web/index.php/auth/validateCredentials]]>
    </line>
    <line>
      <![CDATA[Login successfuldashboard    http://orangehrm.qedgetech.com/symfony/web/index.php/dashboard]]>
    </line>
    <line>
      <![CDATA[Username cannot be empty  dashboard   http://orangehrm.qedgetech.com/symfony/web/index.php/auth/login]]>
    </line>
    <line>
      <![CDATA[Login successfuldashboard    http://orangehrm.qedgetech.com/symfony/web/index.php/dashboard]]>
    </line>
    <line>
      <![CDATA[Password cannot be empty  dashboard   http://orangehrm.qedgetech.com/symfony/web/index.php/auth/login]]>
    </line>
    <line>
      <![CDATA[Login successfuldashboard    http://orangehrm.qedgetech.com/symfony/web/index.php/dashboard]]>
    </line>
    <line>
      <![CDATA[Username cannot be empty  dashboard   http://orangehrm.qedgetech.com/symfony/web/index.php/auth/login]]>
    </line>
    <line>
      <![CDATA[Username cannot be empty  dashboard   http://orangehrm.qedgetech.com/symfony/web/index.php/auth/login]]>
    </line>
    <line>
      <![CDATA[Username cannot be empty  dashboard   http://orangehrm.qedgetech.com/symfony/web/index.php/auth/login]]>
    </line>
    <line>
      <![CDATA[Username cannot be empty  dashboard   http://orangehrm.qedgetech.com/symfony/web/index.php/auth/login]]>
    </line>
  </reporter-output>
  <suite name="Default suite" duration-ms="88367" started-at="2022-09-23T06:01:07Z" finished-at="2022-09-23T06:02:36Z">
    <groups>
    </groups>
    <test name="Default test" duration-ms="88367" started-at="2022-09-23T06:01:07Z" finished-at="2022-09-23T06:02:36Z">
      <class name="driverFactory.DriverScript">
        <test-method status="PASS" signature="setup()[pri:0, instance:driverFactory.DriverScript@46d56d67]" name="setup" is-config="true" duration-ms="24463" started-at="2022-09-23T11:31:07Z" finished-at="2022-09-23T11:31:32Z">
          <reporter-output>
          </reporter-output>
        </test-method> <!-- setup -->
        <test-method status="PASS" signature="startTest()[pri:0, instance:driverFactory.DriverScript@46d56d67]" name="startTest" duration-ms="59010" started-at="2022-09-23T11:31:32Z" finished-at="2022-09-23T11:32:31Z">
          <reporter-output>
            <line>
              <![CDATA[no of rows: 12no of cells4]]>
            </line>
            <line>
              <![CDATA[Login successfuldashboard    http://orangehrm.qedgetech.com/symfony/web/index.php/dashboard]]>
            </line>
            <line>
              <![CDATA[Invalid credentials  dashboard   http://orangehrm.qedgetech.com/symfony/web/index.php/auth/validateCredentials]]>
            </line>
            <line>
              <![CDATA[Invalid credentials  dashboard   http://orangehrm.qedgetech.com/symfony/web/index.php/auth/validateCredentials]]>
            </line>
            <line>
              <![CDATA[Login successfuldashboard    http://orangehrm.qedgetech.com/symfony/web/index.php/dashboard]]>
            </line>
            <line>
              <![CDATA[Username cannot be empty  dashboard   http://orangehrm.qedgetech.com/symfony/web/index.php/auth/login]]>
            </line>
            <line>
              <![CDATA[Login successfuldashboard    http://orangehrm.qedgetech.com/symfony/web/index.php/dashboard]]>
            </line>
            <line>
              <![CDATA[Password cannot be empty  dashboard   http://orangehrm.qedgetech.com/symfony/web/index.php/auth/login]]>
            </line>
            <line>
              <![CDATA[Login successfuldashboard    http://orangehrm.qedgetech.com/symfony/web/index.php/dashboard]]>
            </line>
            <line>
              <![CDATA[Username cannot be empty  dashboard   http://orangehrm.qedgetech.com/symfony/web/index.php/auth/login]]>
            </line>
            <line>
              <![CDATA[Username cannot be empty  dashboard   http://orangehrm.qedgetech.com/symfony/web/index.php/auth/login]]>
            </line>
            <line>
              <![CDATA[Username cannot be empty  dashboard   http://orangehrm.qedgetech.com/symfony/web/index.php/auth/login]]>
            </line>
            <line>
              <![CDATA[Username cannot be empty  dashboard   http://orangehrm.qedgetech.com/symfony/web/index.php/auth/login]]>
            </line>
          </reporter-output>
        </test-method> <!-- startTest -->
        <test-method status="PASS" signature="teardown()[pri:0, instance:driverFactory.DriverScript@46d56d67]" name="teardown" is-config="true" duration-ms="4857" started-at="2022-09-23T11:32:31Z" finished-at="2022-09-23T11:32:36Z">
          <reporter-output>
          </reporter-output>
        </test-method> <!-- teardown -->
      </class> <!-- driverFactory.DriverScript -->
    </test> <!-- Default test -->
  </suite> <!-- Default suite -->
</testng-results>
